<?xml version="1.0" encoding="UTF-8"?>
<!-- Generated by org.testng.reporters.JUnitReportReporter -->
<testsuite hostname="LTIN251751" failures="0" tests="1" name="com.rahul.spring.ram.Project" time="54.690" errors="0" timestamp="2023-05-23T17:09:56 IST" skipped="0">
  <testcase classname="com.rahul.spring.ram.Project" name="run" time="54.690"/>
  <system-out/>
</testsuite> <!-- com.rahul.spring.ram.Project -->
